<?xml version="1.0" encoding="UTF-8"?>
<testng-results ignored="2" total="6" passed="4" failed="0" skipped="0">
  <reporter-output>
  </reporter-output>
  <suite started-at="2021-03-24T17:34:12 IST" name="Suite" finished-at="2021-03-24T17:39:06 IST" duration-ms="294321">
    <groups>
    </groups>
    <test started-at="2021-03-24T17:34:12 IST" name="exicuteTestCases" finished-at="2021-03-24T17:39:06 IST" duration-ms="294321">
      <class name="testClasses.GetHomeItems">
        <test-method signature="getHomeListItems_one()[pri:0, instance:testClasses.GetHomeItems@306e95ec]" started-at="2021-03-24T17:36:00 IST" name="getHomeListItems_one" finished-at="2021-03-24T17:36:57 IST" duration-ms="56294" status="PASS">
          <reporter-output>
          </reporter-output>
        </test-method> <!-- getHomeListItems_one -->
        <test-method is-config="true" signature="afterTest()[pri:0, instance:testClasses.GetHomeItems@306e95ec]" started-at="2021-03-24T17:36:57 IST" name="afterTest" finished-at="2021-03-24T17:36:57 IST" duration-ms="1" status="PASS">
          <reporter-output>
          </reporter-output>
        </test-method> <!-- afterTest -->
        <test-method is-config="true" signature="endReport()[pri:0, instance:testClasses.GetHomeItems@306e95ec]" started-at="2021-03-24T17:39:06 IST" name="endReport" finished-at="2021-03-24T17:39:06 IST" duration-ms="196" status="PASS">
          <reporter-output>
          </reporter-output>
        </test-method> <!-- endReport -->
      </class> <!-- testClasses.GetHomeItems -->
      <class name="testClasses.GetBookshelves">
        <test-method signature="testOneForBookshelves()[pri:0, instance:testClasses.GetBookshelves@741a8937]" started-at="2021-03-24T17:34:12 IST" name="testOneForBookshelves" finished-at="2021-03-24T17:36:00 IST" duration-ms="108511" status="PASS">
          <reporter-output>
          </reporter-output>
        </test-method> <!-- testOneForBookshelves -->
        <test-method is-config="true" signature="afterTest()[pri:0, instance:testClasses.GetBookshelves@741a8937]" started-at="2021-03-24T17:36:00 IST" name="afterTest" finished-at="2021-03-24T17:36:00 IST" duration-ms="1" status="PASS">
          <reporter-output>
          </reporter-output>
        </test-method> <!-- afterTest -->
        <test-method is-config="true" signature="endReport()[pri:0, instance:testClasses.GetBookshelves@741a8937]" started-at="2021-03-24T17:39:04 IST" name="endReport" finished-at="2021-03-24T17:39:06 IST" duration-ms="2003" status="PASS">
          <reporter-output>
          </reporter-output>
        </test-method> <!-- endReport -->
      </class> <!-- testClasses.GetBookshelves -->
      <class name="testClasses.GetStudyChair">
        <test-method signature="testForStudyChairs()[pri:0, instance:testClasses.GetStudyChair@52af26ee]" started-at="2021-03-24T17:36:57 IST" name="testForStudyChairs" finished-at="2021-03-24T17:37:49 IST" duration-ms="52203" status="PASS">
          <reporter-output>
          </reporter-output>
        </test-method> <!-- testForStudyChairs -->
        <test-method is-config="true" signature="afterTest()[pri:0, instance:testClasses.GetStudyChair@52af26ee]" started-at="2021-03-24T17:37:49 IST" name="afterTest" finished-at="2021-03-24T17:37:49 IST" duration-ms="3" status="PASS">
          <reporter-output>
          </reporter-output>
        </test-method> <!-- afterTest -->
      </class> <!-- testClasses.GetStudyChair -->
      <class name="testClasses.GiftCard">
        <test-method signature="testForGiftCards()[pri:0, instance:testClasses.GiftCard@6fd83fc1]" started-at="2021-03-24T17:37:49 IST" name="testForGiftCards" finished-at="2021-03-24T17:39:04 IST" duration-ms="74948" status="PASS">
          <reporter-output>
          </reporter-output>
        </test-method> <!-- testForGiftCards -->
        <test-method is-config="true" signature="afterTest()[pri:0, instance:testClasses.GiftCard@6fd83fc1]" started-at="2021-03-24T17:39:04 IST" name="afterTest" finished-at="2021-03-24T17:39:04 IST" duration-ms="0" status="PASS">
          <reporter-output>
          </reporter-output>
        </test-method> <!-- afterTest -->
      </class> <!-- testClasses.GiftCard -->
    </test> <!-- exicuteTestCases -->
  </suite> <!-- Suite -->
</testng-results>
