<?xml version="1.0" encoding="UTF-8"?>
<testng-results ignored="2" total="6" passed="3" failed="1" skipped="0">
  <reporter-output>
  </reporter-output>
  <suite started-at="2021-03-18T10:45:06Z" name="Suite" finished-at="2021-03-18T10:50:21Z" duration-ms="314239">
    <groups>
    </groups>
    <test started-at="2021-03-18T10:45:06Z" name="exicuteTestCases" finished-at="2021-03-18T10:50:21Z" duration-ms="314239">
      <class name="com.Hackatone.TestClasses.GiftCard">
        <test-method signature="testForGiftCards()[pri:0, instance:com.Hackatone.TestClasses.GiftCard@76b07f29]" started-at="2021-03-18T10:48:50Z" name="testForGiftCards" finished-at="2021-03-18T10:50:16Z" duration-ms="85741" status="PASS">
          <reporter-output>
          </reporter-output>
        </test-method> <!-- testForGiftCards -->
        <test-method is-config="true" signature="afterTest()[pri:0, instance:com.Hackatone.TestClasses.GiftCard@76b07f29]" started-at="2021-03-18T10:50:16Z" name="afterTest" finished-at="2021-03-18T10:50:16Z" duration-ms="1" status="PASS">
          <reporter-output>
          </reporter-output>
        </test-method> <!-- afterTest -->
      </class> <!-- com.Hackatone.TestClasses.GiftCard -->
      <class name="com.Hackatone.TestClasses.GetHomeItems">
        <test-method signature="getHomeListItems_one()[pri:0, instance:com.Hackatone.TestClasses.GetHomeItems@4149c063]" started-at="2021-03-18T10:46:28Z" name="getHomeListItems_one" finished-at="2021-03-18T10:47:36Z" duration-ms="67794" status="PASS">
          <reporter-output>
          </reporter-output>
        </test-method> <!-- getHomeListItems_one -->
        <test-method is-config="true" signature="afterTest()[pri:0, instance:com.Hackatone.TestClasses.GetHomeItems@4149c063]" started-at="2021-03-18T10:47:36Z" name="afterTest" finished-at="2021-03-18T10:47:36Z" duration-ms="0" status="PASS">
          <reporter-output>
          </reporter-output>
        </test-method> <!-- afterTest -->
      </class> <!-- com.Hackatone.TestClasses.GetHomeItems -->
      <class name="com.Hackatone.TestClasses.GetBookshelves">
        <test-method signature="testOneForBookshelves()[pri:0, instance:com.Hackatone.TestClasses.GetBookshelves@5852c06f]" started-at="2021-03-18T10:45:06Z" name="testOneForBookshelves" finished-at="2021-03-18T10:46:21Z" duration-ms="74723" status="FAIL">
          <exception class="java.lang.AssertionError">
            <message>
              <![CDATA[Element <input id="filters_storage_type_Open" name="filters[storage_type][]" type="checkbox"> could not be scrolled into view
Build info: version: '3.141.59', revision: 'e82be7d358', time: '2018-11-14T08:17:03'
System info: host: 'DESKTOP-2KNJHJ9', ip: '192.168.1.100', os.name: 'Windows 10', os.arch: 'amd64', os.version: '10.0', java.version: '15'
Driver info: org.openqa.selenium.firefox.FirefoxDriver
Capabilities {acceptInsecureCerts: true, browserName: firefox, browserVersion: 86.0, javascriptEnabled: true, moz:accessibilityChecks: false, moz:buildID: 20210222142601, moz:geckodriverVersion: 0.27.0, moz:headless: false, moz:processID: 5800, moz:profile: C:\Users\Kavin\AppData\Loca..., moz:shutdownTimeout: 60000, moz:useNonSpecCompliantPointerOrigin: false, moz:webdriverClick: true, pageLoadStrategy: normal, platform: WINDOWS, platformName: WINDOWS, platformVersion: 10.0, rotatable: false, setWindowRect: true, strictFileInteractability: false, timeouts: {implicit: 0, pageLoad: 300000, script: 30000}, unhandledPromptBehavior: dismiss and notify}
Session ID: e3c9432a-e7fa-4dbc-bf92-fe4b02d6c5df]]>
            </message>
            <full-stacktrace>
              <![CDATA[java.lang.AssertionError: Element <input id="filters_storage_type_Open" name="filters[storage_type][]" type="checkbox"> could not be scrolled into view
Build info: version: '3.141.59', revision: 'e82be7d358', time: '2018-11-14T08:17:03'
System info: host: 'DESKTOP-2KNJHJ9', ip: '192.168.1.100', os.name: 'Windows 10', os.arch: 'amd64', os.version: '10.0', java.version: '15'
Driver info: org.openqa.selenium.firefox.FirefoxDriver
Capabilities {acceptInsecureCerts: true, browserName: firefox, browserVersion: 86.0, javascriptEnabled: true, moz:accessibilityChecks: false, moz:buildID: 20210222142601, moz:geckodriverVersion: 0.27.0, moz:headless: false, moz:processID: 5800, moz:profile: C:\Users\Kavin\AppData\Loca..., moz:shutdownTimeout: 60000, moz:useNonSpecCompliantPointerOrigin: false, moz:webdriverClick: true, pageLoadStrategy: normal, platform: WINDOWS, platformName: WINDOWS, platformVersion: 10.0, rotatable: false, setWindowRect: true, strictFileInteractability: false, timeouts: {implicit: 0, pageLoad: 300000, script: 30000}, unhandledPromptBehavior: dismiss and notify}
Session ID: e3c9432a-e7fa-4dbc-bf92-fe4b02d6c5df
at org.testng.Assert.fail(Assert.java:96)
at com.Hackatone.Base.BaseUI.reportFail(BaseUI.java:349)
at com.Hackatone.Base.BaseUI.clickAndSelectWebElement(BaseUI.java:158)
at com.Hackatone.TestClasses.GetBookshelves.testOneForBookshelves(GetBookshelves.java:34)
at java.base/jdk.internal.reflect.NativeMethodAccessorImpl.invoke0(Native Method)
at java.base/jdk.internal.reflect.NativeMethodAccessorImpl.invoke(NativeMethodAccessorImpl.java:64)
at java.base/jdk.internal.reflect.DelegatingMethodAccessorImpl.invoke(DelegatingMethodAccessorImpl.java:43)
at java.base/java.lang.reflect.Method.invoke(Method.java:564)
at org.testng.internal.MethodInvocationHelper.invokeMethod(MethodInvocationHelper.java:124)
at org.testng.internal.Invoker.invokeMethod(Invoker.java:583)
at org.testng.internal.Invoker.invokeTestMethod(Invoker.java:719)
at org.testng.internal.Invoker.invokeTestMethods(Invoker.java:989)
at org.testng.internal.TestMethodWorker.invokeTestMethods(TestMethodWorker.java:125)
at org.testng.internal.TestMethodWorker.run(TestMethodWorker.java:109)
at org.testng.TestRunner.privateRun(TestRunner.java:648)
at org.testng.TestRunner.run(TestRunner.java:505)
at org.testng.SuiteRunner.runTest(SuiteRunner.java:455)
at org.testng.SuiteRunner.runSequentially(SuiteRunner.java:450)
at org.testng.SuiteRunner.privateRun(SuiteRunner.java:415)
at org.testng.SuiteRunner.run(SuiteRunner.java:364)
at org.testng.SuiteRunnerWorker.runSuite(SuiteRunnerWorker.java:52)
at org.testng.SuiteRunnerWorker.run(SuiteRunnerWorker.java:84)
at org.testng.TestNG.runSuitesSequentially(TestNG.java:1208)
at org.testng.TestNG.runSuitesLocally(TestNG.java:1137)
at org.testng.TestNG.runSuites(TestNG.java:1049)
at org.testng.TestNG.run(TestNG.java:1017)
at org.apache.maven.surefire.testng.TestNGExecutor.run(TestNGExecutor.java:283)
at org.apache.maven.surefire.testng.TestNGXmlTestSuite.execute(TestNGXmlTestSuite.java:75)
at org.apache.maven.surefire.testng.TestNGProvider.invoke(TestNGProvider.java:120)
at org.apache.maven.surefire.booter.ForkedBooter.invokeProviderInSameClassLoader(ForkedBooter.java:384)
at org.apache.maven.surefire.booter.ForkedBooter.runSuitesInProcess(ForkedBooter.java:345)
at org.apache.maven.surefire.booter.ForkedBooter.execute(ForkedBooter.java:126)
at org.apache.maven.surefire.booter.ForkedBooter.main(ForkedBooter.java:418)
]]>
            </full-stacktrace>
          </exception> <!-- java.lang.AssertionError -->
          <reporter-output>
          </reporter-output>
        </test-method> <!-- testOneForBookshelves -->
        <test-method is-config="true" signature="afterTest()[pri:0, instance:com.Hackatone.TestClasses.GetBookshelves@5852c06f]" started-at="2021-03-18T10:46:21Z" name="afterTest" finished-at="2021-03-18T10:46:28Z" duration-ms="7178" status="PASS">
          <reporter-output>
          </reporter-output>
        </test-method> <!-- afterTest -->
        <test-method is-config="true" signature="endReport()[pri:0, instance:com.Hackatone.TestClasses.GetBookshelves@5852c06f]" started-at="2021-03-18T10:50:16Z" name="endReport" finished-at="2021-03-18T10:50:20Z" duration-ms="3830" status="PASS">
          <reporter-output>
          </reporter-output>
        </test-method> <!-- endReport -->
        <test-method is-config="true" signature="endReport()[pri:0, instance:com.Hackatone.TestClasses.GetHomeItems@4149c063]" started-at="2021-03-18T10:50:20Z" name="endReport" finished-at="2021-03-18T10:50:21Z" duration-ms="487" status="PASS">
          <reporter-output>
          </reporter-output>
        </test-method> <!-- endReport -->
      </class> <!-- com.Hackatone.TestClasses.GetBookshelves -->
      <class name="com.Hackatone.TestClasses.GetStudyChair">
        <test-method signature="testForStudyChairs()[pri:0, instance:com.Hackatone.TestClasses.GetStudyChair@9cb8225]" started-at="2021-03-18T10:47:36Z" name="testForStudyChairs" finished-at="2021-03-18T10:48:50Z" duration-ms="74346" status="PASS">
          <reporter-output>
          </reporter-output>
        </test-method> <!-- testForStudyChairs -->
        <test-method is-config="true" signature="afterTest()[pri:0, instance:com.Hackatone.TestClasses.GetStudyChair@9cb8225]" started-at="2021-03-18T10:48:50Z" name="afterTest" finished-at="2021-03-18T10:48:50Z" duration-ms="0" status="PASS">
          <reporter-output>
          </reporter-output>
        </test-method> <!-- afterTest -->
      </class> <!-- com.Hackatone.TestClasses.GetStudyChair -->
    </test> <!-- exicuteTestCases -->
  </suite> <!-- Suite -->
</testng-results>
