<?xml version="1.0" encoding="UTF-8"?>
<!-- Generated by org.testng.reporters.JUnitXMLReporter -->
<testsuite ignored="2" hostname="DESKTOP-2KNJHJ9" failures="0" tests="4" name="exicuteTestCases" time="229.173" errors="0" timestamp="23 Mar 2021 03:24:04 GMT">
  <testcase classname="com.Hackatone.TestClasses.GetBookshelves" name="testOneForBookshelves" time="100.858"/>
  <testcase classname="com.Hackatone.TestClasses.GetHomeItems" name="getHomeListItems_one" time="32.62"/>
  <testcase classname="com.Hackatone.TestClasses.GetStudyChair" name="testForStudyChairs" time="36.393"/>
  <testcase classname="com.Hackatone.TestClasses.GiftCard" name="testForGiftCards" time="55.331"/>
  <testcase classname="com.Hackatone.Base.BaseUI" name="@AfterTest endReport" time="0.0">
    <ignored/>
  </testcase> <!-- @AfterTest endReport -->
  <testcase classname="com.Hackatone.Base.BaseUI" name="@AfterTest endReport" time="0.0">
    <ignored/>
  </testcase> <!-- @AfterTest endReport -->
</testsuite> <!-- exicuteTestCases -->
