<?xml version="1.0" encoding="UTF-8"?>
<!-- Generated by org.testng.reporters.JUnitXMLReporter -->
<testsuite ignored="2" hostname="DESKTOP-2KNJHJ9" failures="0" tests="4" name="exicuteTestCases" time="215.245" errors="0" timestamp="2021-03-24T17:05:08 IST">
  <testcase classname="testClasses.GetBookshelves" name="testOneForBookshelves" time="62.677"/>
  <testcase classname="testClasses.GetHomeItems" name="getHomeListItems_one" time="36.42"/>
  <testcase classname="testClasses.GetStudyChair" name="testForStudyChairs" time="44.318"/>
  <testcase classname="testClasses.GiftCard" name="testForGiftCards" time="69.117"/>
  <testcase classname="base.BaseUI" name="@AfterTest endReport" time="0.0">
    <ignored/>
  </testcase> <!-- @AfterTest endReport -->
  <testcase classname="base.BaseUI" name="@AfterTest endReport" time="0.0">
    <ignored/>
  </testcase> <!-- @AfterTest endReport -->
</testsuite> <!-- exicuteTestCases -->
