<?xml version="1.0" encoding="UTF-8"?>
<testng-results ignored="0" total="1" passed="1" failed="0" skipped="0">
  <reporter-output>
  </reporter-output>
  <suite started-at="2021-03-23T17:59:21 IST" name="Default suite" finished-at="2021-03-23T18:00:35 IST" duration-ms="73910">
    <groups>
    </groups>
    <test started-at="2021-03-23T17:59:21 IST" name="Default test" finished-at="2021-03-23T18:00:35 IST" duration-ms="73910">
      <class name="com.Hackatone.TestClasses.GetBookshelves">
        <test-method signature="testOneForBookshelves()[pri:0, instance:com.Hackatone.TestClasses.GetBookshelves@2f37f1f9]" started-at="2021-03-23T17:59:21 IST" name="testOneForBookshelves" finished-at="2021-03-23T18:00:30 IST" duration-ms="69102" status="PASS">
          <reporter-output>
          </reporter-output>
        </test-method> <!-- testOneForBookshelves -->
        <test-method is-config="true" signature="afterTest()[pri:0, instance:com.Hackatone.TestClasses.GetBookshelves@2f37f1f9]" started-at="2021-03-23T18:00:31 IST" name="afterTest" finished-at="2021-03-23T18:00:31 IST" duration-ms="2" status="PASS">
          <reporter-output>
          </reporter-output>
        </test-method> <!-- afterTest -->
        <test-method is-config="true" signature="endReport()[pri:0, instance:com.Hackatone.TestClasses.GetBookshelves@2f37f1f9]" started-at="2021-03-23T18:00:31 IST" name="endReport" finished-at="2021-03-23T18:00:35 IST" duration-ms="4570" status="PASS">
          <reporter-output>
          </reporter-output>
        </test-method> <!-- endReport -->
      </class> <!-- com.Hackatone.TestClasses.GetBookshelves -->
    </test> <!-- Default test -->
  </suite> <!-- Default suite -->
</testng-results>
