<?xml version="1.0" encoding="UTF-8"?>
<testng-results ignored="0" total="1" passed="1" failed="0" skipped="0">
  <reporter-output>
  </reporter-output>
  <suite started-at="2021-03-19T14:47:14 IST" name="Default suite" finished-at="2021-03-19T14:48:27 IST" duration-ms="72934">
    <groups>
    </groups>
    <test started-at="2021-03-19T14:47:14 IST" name="Default test" finished-at="2021-03-19T14:48:27 IST" duration-ms="72934">
      <class name="com.Hackatone.TestClasses.GetStudyChair">
        <test-method signature="testForStudyChairs()[pri:0, instance:com.Hackatone.TestClasses.GetStudyChair@703feacd]" started-at="2021-03-19T14:47:14 IST" name="testForStudyChairs" finished-at="2021-03-19T14:48:25 IST" duration-ms="70999" status="PASS">
          <reporter-output>
          </reporter-output>
        </test-method> <!-- testForStudyChairs -->
        <test-method is-config="true" signature="afterTest()[pri:0, instance:com.Hackatone.TestClasses.GetStudyChair@703feacd]" started-at="2021-03-19T14:48:25 IST" name="afterTest" finished-at="2021-03-19T14:48:25 IST" duration-ms="1" status="PASS">
          <reporter-output>
          </reporter-output>
        </test-method> <!-- afterTest -->
        <test-method is-config="true" signature="endReport()[pri:0, instance:com.Hackatone.TestClasses.GetStudyChair@703feacd]" started-at="2021-03-19T14:48:25 IST" name="endReport" finished-at="2021-03-19T14:48:27 IST" duration-ms="1730" status="PASS">
          <reporter-output>
          </reporter-output>
        </test-method> <!-- endReport -->
      </class> <!-- com.Hackatone.TestClasses.GetStudyChair -->
    </test> <!-- Default test -->
  </suite> <!-- Default suite -->
</testng-results>
